{
  "stats": {
    "suites": 2,
    "tests": 8,
    "passes": 7,
    "pending": 1,
    "failures": 0,
    "start": "2024-05-11T04:07:38.849Z",
    "end": "2024-05-11T04:07:53.216Z",
    "duration": 14367,
    "testsRegistered": 8,
    "passPercent": 100,
    "pendingPercent": 12.5,
    "other": 0,
    "hasOther": false,
    "skipped": 0,
    "hasSkipped": false
  },
  "results": [
    {
      "uuid": "904b6a99-a2a3-4946-aa20-65517124b518",
      "title": "",
      "fullFile": "cypress/e2e/site.cy.js",
      "file": "cypress/e2e/site.cy.js",
      "beforeHooks": [],
      "afterHooks": [],
      "tests": [],
      "suites": [
        {
          "uuid": "3965c5b5-47b5-4e3d-ba13-17c76f3e2321",
          "title": "site",
          "fullFile": "",
          "file": "",
          "beforeHooks": [],
          "afterHooks": [],
          "tests": [
            {
              "title": "should have the correct meta title",
              "fullTitle": "site should have the correct meta title",
              "timedOut": null,
              "duration": 111,
              "state": "passed",
              "speed": "fast",
              "pass": true,
              "fail": false,
              "pending": false,
              "context": null,
              "code": "cy.title().should(\"eq\", \"clintp.xyz | my bio in two mouse clicks or less\");",
              "err": {},
              "uuid": "661b1390-e92b-448e-b8db-bf268969d0af",
              "parentUUID": "3965c5b5-47b5-4e3d-ba13-17c76f3e2321",
              "isHook": false,
              "skipped": false
            },
            {
              "title": "should have the correct meta description",
              "fullTitle": "site should have the correct meta description",
              "timedOut": null,
              "duration": 51,
              "state": "passed",
              "speed": "fast",
              "pass": true,
              "fail": false,
              "pending": false,
              "context": null,
              "code": "cy.document().get('head meta[name=\"description\"]').should(\"have.attr\", \"content\", \"my bio in two mouse clicks or less\");",
              "err": {},
              "uuid": "d9c55d4f-8add-45d7-852a-ebf365422f37",
              "parentUUID": "3965c5b5-47b5-4e3d-ba13-17c76f3e2321",
              "isHook": false,
              "skipped": false
            },
            {
              "title": "should have the correct opening page title",
              "fullTitle": "site should have the correct opening page title",
              "timedOut": null,
              "duration": 43,
              "state": "passed",
              "speed": "fast",
              "pass": true,
              "fail": false,
              "pending": false,
              "context": null,
              "code": "cy.get(\"h1\").contains(\"clintp.xyz\");",
              "err": {},
              "uuid": "3c76a8bb-e615-4b75-b77c-cbb6db10d054",
              "parentUUID": "3965c5b5-47b5-4e3d-ba13-17c76f3e2321",
              "isHook": false,
              "skipped": false
            },
            {
              "title": "should have my email address somewhere so I can be contacted",
              "fullTitle": "site should have my email address somewhere so I can be contacted",
              "timedOut": null,
              "duration": 42,
              "state": "passed",
              "speed": "fast",
              "pass": true,
              "fail": false,
              "pending": false,
              "context": null,
              "code": "cy.contains(\"hello@clintp.xyz\");",
              "err": {},
              "uuid": "8055a357-d9fd-478d-b087-450dafbacd22",
              "parentUUID": "3965c5b5-47b5-4e3d-ba13-17c76f3e2321",
              "isHook": false,
              "skipped": false
            }
          ],
          "suites": [
            {
              "uuid": "d7b072f3-3655-4ded-965b-67c64cd76965",
              "title": "navigation",
              "fullFile": "",
              "file": "",
              "beforeHooks": [],
              "afterHooks": [],
              "tests": [
                {
                  "title": "should have all working links",
                  "fullTitle": "site navigation should have all working links",
                  "timedOut": null,
                  "duration": 13800,
                  "state": "passed",
                  "speed": "slow",
                  "pass": true,
                  "fail": false,
                  "pending": false,
                  "context": null,
                  "code": "cy.get(\"a[href^='http']\").each($anchor => {\n  if (!$anchor.attr(\"href\").includes(\"linkedin\")) {\n    cy.request($anchor.attr(\"href\")).its(\"status\").should(\"eq\", 200);\n  }\n});",
                  "err": {},
                  "uuid": "de7aeb02-50f8-4dea-a52c-86f68980f90e",
                  "parentUUID": "d7b072f3-3655-4ded-965b-67c64cd76965",
                  "isHook": false,
                  "skipped": false
                },
                {
                  "title": "should have a working link to my resume",
                  "fullTitle": "site navigation should have a working link to my resume",
                  "timedOut": null,
                  "duration": 107,
                  "state": "passed",
                  "speed": "fast",
                  "pass": true,
                  "fail": false,
                  "pending": false,
                  "context": null,
                  "code": "cy.get(\"a[href$='/resume.clintp.docx']\").should(\"exist\").then($anchor => {\n  cy.request($anchor.attr(\"href\")).its(\"status\").should(\"eq\", 200);\n});",
                  "err": {},
                  "uuid": "24907e85-9a99-4493-a5d9-034b1e29da72",
                  "parentUUID": "d7b072f3-3655-4ded-965b-67c64cd76965",
                  "isHook": false,
                  "skipped": false
                },
                {
                  "title": "should have a working link to my python notebook",
                  "fullTitle": "site navigation should have a working link to my python notebook",
                  "timedOut": null,
                  "duration": 127,
                  "state": "passed",
                  "speed": "fast",
                  "pass": true,
                  "fail": false,
                  "pending": false,
                  "context": null,
                  "code": "cy.get(\"a[href='https://github.com/yuhonas/clintp.xyz/blob/main/resume/resume.clintp.ipynb']\").should(\"exist\").then($anchor => {\n  cy.request($anchor.attr(\"href\")).its(\"status\").should(\"eq\", 200);\n});",
                  "err": {},
                  "uuid": "2c11ff85-ae92-431b-99de-350034b1901c",
                  "parentUUID": "d7b072f3-3655-4ded-965b-67c64cd76965",
                  "isHook": false,
                  "skipped": false
                },
                {
                  "title": "should have a working link to my linkedin",
                  "fullTitle": "site navigation should have a working link to my linkedin",
                  "timedOut": null,
                  "duration": 0,
                  "state": "pending",
                  "speed": null,
                  "pass": false,
                  "fail": false,
                  "pending": true,
                  "context": null,
                  "code": "cy.get(\"a[href='https://www.linkedin.com/in/clint-plummer/']\").should(\"exist\").then($anchor => {\n  cy.request($anchor.attr(\"href\")).its(\"status\").should(\"eq\", 200);\n});",
                  "err": {},
                  "uuid": "82b7c335-46a0-4c4e-92a6-7c52e870a515",
                  "parentUUID": "d7b072f3-3655-4ded-965b-67c64cd76965",
                  "isHook": false,
                  "skipped": false
                }
              ],
              "suites": [],
              "passes": [
                "de7aeb02-50f8-4dea-a52c-86f68980f90e",
                "24907e85-9a99-4493-a5d9-034b1e29da72",
                "2c11ff85-ae92-431b-99de-350034b1901c"
              ],
              "failures": [],
              "pending": [
                "82b7c335-46a0-4c4e-92a6-7c52e870a515"
              ],
              "skipped": [],
              "duration": 14034,
              "root": false,
              "rootEmpty": false,
              "_timeout": 2000
            }
          ],
          "passes": [
            "661b1390-e92b-448e-b8db-bf268969d0af",
            "d9c55d4f-8add-45d7-852a-ebf365422f37",
            "3c76a8bb-e615-4b75-b77c-cbb6db10d054",
            "8055a357-d9fd-478d-b087-450dafbacd22"
          ],
          "failures": [],
          "pending": [],
          "skipped": [],
          "duration": 247,
          "root": false,
          "rootEmpty": false,
          "_timeout": 2000
        }
      ],
      "passes": [],
      "failures": [],
      "pending": [],
      "skipped": [],
      "duration": 0,
      "root": true,
      "rootEmpty": true,
      "_timeout": 2000
    }
  ],
  "meta": {
    "mocha": {
      "version": "7.0.1"
    },
    "mochawesome": {
      "options": {
        "quiet": false,
        "reportFilename": "mochawesome",
        "saveHtml": true,
        "saveJson": true,
        "consoleReporter": "spec",
        "useInlineDiffs": false,
        "code": true
      },
      "version": "7.1.3"
    },
    "marge": {
      "options": {
        "toConsole": true
      },
      "version": "6.2.0"
    }
  }
}